  BasicThreadPool.cpp
  ctools.cpp
  FacVec.cpp
  FFT.cpp
  fileio.cpp
  GetPID.cpp
  GetTime.cpp
  GF2.cpp
  GF2E.cpp
  GF2EX.cpp
  GF2EXFactoring.cpp
  GF2X.cpp
  GF2X1.cpp
  GF2XFactoring.cpp
  GF2XVec.cpp
  G_LLL_FP.cpp
  G_LLL_QP.cpp
  G_LLL_RR.cpp
  G_LLL_XD.cpp
  HNF.cpp
  正在生成代码...
  正在编译...
  lip.cpp
  LLL.cpp
  LLL_FP.cpp
  LLL_QP.cpp
  LLL_RR.cpp
  LLL_XD.cpp
  lzz_p.cpp
  lzz_pE.cpp
  lzz_pEX.cpp
  lzz_pEXFactoring.cpp
  lzz_pX.cpp
  lzz_pX1.cpp
  lzz_pXCharPoly.cpp
  lzz_pXFactoring.cpp
  MatPrime.cpp
  mat_GF2.cpp
  mat_GF2E.cpp
  mat_lzz_p.cpp
  mat_lzz_pE.cpp
  mat_poly_lzz_p.cpp
  正在生成代码...
  正在编译...
  mat_poly_ZZ.cpp
  mat_poly_ZZ_p.cpp
  mat_RR.cpp
  mat_ZZ.cpp
  mat_ZZ_p.cpp
  mat_ZZ_pE.cpp
  pd_FFT.cpp
  quad_float.cpp
  quad_float1.cpp
  RR.cpp
  thread.cpp
  tools.cpp
  vec_GF2.cpp
  vec_GF2E.cpp
  vec_lzz_p.cpp
  vec_lzz_pE.cpp
  vec_RR.cpp
  vec_ZZ.cpp
  vec_ZZ_p.cpp
  vec_ZZ_pE.cpp
  正在生成代码...
  正在编译...
  WordVector.cpp
  xdouble.cpp
  ZZ.cpp
  ZZVec.cpp
  ZZX.cpp
  ZZX1.cpp
  ZZXCharPoly.cpp
  ZZXFactoring.cpp
  ZZ_p.cpp
  ZZ_pE.cpp
  ZZ_pEX.cpp
  ZZ_pEXFactoring.cpp
  ZZ_pX.cpp
  ZZ_pX1.cpp
  ZZ_pXCharPoly.cpp
  ZZ_pXFactoring.cpp
  正在生成代码...
  libntl.vcxproj -> D:\Open_Source_Lib\WinNTL-11_5_1\src\x64\Release\libntl.lib
